<?xml version="1.0" encoding="UTF-8"?>
<testsuite xmlns:xsi="http://www.w3.org/2001/XMLSchema-instance" xsi:noNamespaceSchemaLocation="https://maven.apache.org/surefire/maven-surefire-plugin/xsd/surefire-test-report.xsd" version="3.0.1" name="com.nazyrov.BoardTest" time="0.168" tests="13" errors="0" skipped="0" failures="0">
  <properties>
[...]
</properties>
  <testcase name="testXWinsRow" classname="com.nazyrov.BoardTest" time="0.048"/>
  <testcase name="testMakeInvalidMove" classname="com.nazyrov.BoardTest" time="0.009"/>
  <testcase name="testMakeValidMove" classname="com.nazyrov.BoardTest" time="0.005"/>
  <testcase name="testPlayerSwitchesAfterMove" classname="com.nazyrov.BoardTest" time="0.006"/>
  <testcase name="testDrawGame" classname="com.nazyrov.BoardTest" time="0.018"/>
  <testcase name="testInitialBoardEmpty" classname="com.nazyrov.BoardTest" time="0.005"/>
  <testcase name="testOWinsColumn" classname="com.nazyrov.BoardTest" time="0.003"/>
  <testcase name="testCannotMoveOnOccupiedCell" classname="com.nazyrov.BoardTest" time="0.004"/>
  <testcase name="testBoardFullDetection" classname="com.nazyrov.BoardTest" time="0.006"/>
  <testcase name="testInitialPlayerIsX" classname="com.nazyrov.BoardTest" time="0.008"/>
  <testcase name="testIsMoveValid" classname="com.nazyrov.BoardTest" time="0.0"/>
  <testcase name="testGameNotOverInitially" classname="com.nazyrov.BoardTest" time="0.001"/>
  <testcase name="testXWinsDiagonal" classname="com.nazyrov.BoardTest" time="0.0"/>
</testsuite>