<?xml version="1.0" encoding="UTF-8"?>
<testsuite xmlns:xsi="http://www.w3.org/2001/XMLSchema-instance" xsi:noNamespaceSchemaLocation="https://maven.apache.org/surefire/maven-surefire-plugin/xsd/surefire-test-report.xsd" version="3.0.1" name="com.mycompany.app.BoardTest" time="0.005" tests="12" errors="0" skipped="0" failures="0">
  <properties>
[...]
</properties>
  <testcase name="testInvalidMoveOutOfRange" classname="com.mycompany.app.BoardTest" time="0.0"/>
  <testcase name="testEmptyBoard" classname="com.mycompany.app.BoardTest" time="0.0"/>
  <testcase name="testFirstPlayer" classname="com.mycompany.app.BoardTest" time="0.0"/>
  <testcase name="testTieGame" classname="com.mycompany.app.BoardTest" time="0.0"/>
  <testcase name="testGameFinishAfterWin" classname="com.mycompany.app.BoardTest" time="0.0"/>
  <testcase name="testPlayerSwitching" classname="com.mycompany.app.BoardTest" time="0.0"/>
  <testcase name="testOWinsMiddleColumn" classname="com.mycompany.app.BoardTest" time="0.0"/>
  <testcase name="testOccupiedCellBlock" classname="com.mycompany.app.BoardTest" time="0.0"/>
  <testcase name="testValidMoveExecution" classname="com.mycompany.app.BoardTest" time="0.0"/>
  <testcase name="testValidPositionCheck" classname="com.mycompany.app.BoardTest" time="0.0"/>
  <testcase name="testXWinsTopRow" classname="com.mycompany.app.BoardTest" time="0.0"/>
  <testcase name="testXWinsDiagonal" classname="com.mycompany.app.BoardTest" time="0.0"/>
</testsuite>